ERROR[06-24|15:16:22] Node URL enode://@192.168.65.10:30303?discport=0: invalid node ID (wrong length, want 128 hex chars)
 
ERROR[06-24|15:16:22] Node URL enode://@192.168.65.11:30303?discport=0: invalid node ID (wrong length, want 128 hex chars)
 
ERROR[06-24|15:16:22] Node URL enode://@192.168.65.12:30303?discport=0: invalid node ID (wrong length, want 128 hex chars)
 
INFO [06-24|15:16:22] Starting peer-to-peer node               instance=Geth/v1.7.2-stable-df4267a2/linux-amd64/go1.7.3
INFO [06-24|15:16:22] Allocated cache and file handles         database=/qdata/dd/geth/chaindata cache=128 handles=1024
WARN [06-24|15:16:23] Upgrading database to use lookup entries 
INFO [06-24|15:16:23] Initialised chain configuration          config="{ChainID: <nil> Homestead: 1 DAO: <nil> DAOSupport: false EIP150: 2 EIP155: 3 EIP158: 3 Byzantium: <nil> IsQuorum: true Engine: istanbul}"
INFO [06-24|15:16:23] Initialising Ethereum protocol           versions="[63 62]" network=1
INFO [06-24|15:16:23] Database deduplication successful        deduped=0
INFO [06-24|15:16:23] Loaded most recent local header          number=0 hash=44d162…46d259 td=1
INFO [06-24|15:16:23] Loaded most recent local full block      number=0 hash=44d162…46d259 td=1
INFO [06-24|15:16:23] Loaded most recent local fast block      number=0 hash=44d162…46d259 td=1
INFO [06-24|15:16:23] Regenerated local transaction journal    transactions=0 accounts=0
INFO [06-24|15:16:23] Starting P2P networking 
INFO [06-24|15:16:25] UDP listener up                          self=enode://e6a0460c1adcb6c77c2ee71d8d422bb24f0c6b3c752e25134166738dd298811845c20e7febbe88c7eb76366d52d810158b8595db894e25e968da2dd6a54d3e6e@[::]:30303
INFO [06-24|15:16:25] HTTP endpoint opened: http://0.0.0.0:8545 
INFO [06-24|15:16:25] RLPx listener up                         self=enode://e6a0460c1adcb6c77c2ee71d8d422bb24f0c6b3c752e25134166738dd298811845c20e7febbe88c7eb76366d52d810158b8595db894e25e968da2dd6a54d3e6e@[::]:30303
INFO [06-24|15:16:25] IPC endpoint opened: /qdata/dd/geth.ipc 
INFO [06-24|15:16:26] Unlocked account                         address=0x022171819F798Ca09CfdF850B088b83bA307D5ac
INFO [06-24|15:16:26] Transaction pool price threshold updated price=18000000000
INFO [06-24|15:16:26] Starting mining operation 
INFO [06-24|15:16:26] Commit new mining work                   number=1 txs=0 uncles=0 elapsed=251.101µs
WARN [06-24|15:16:26] Block sealing failed                     err=unauthorized
ERROR[06-24|15:16:36] Failed to decode message from payload    address=0x942Ba2a0a2688434e46fa1b57c779FBAc6DeB9BA err="unauthorized address"
ERROR[06-24|15:16:48] Failed to decode message from payload    address=0x942Ba2a0a2688434e46fa1b57c779FBAc6DeB9BA err="unauthorized address"
ERROR[06-24|15:17:02] Failed to decode message from payload    address=0x942Ba2a0a2688434e46fa1b57c779FBAc6DeB9BA err="unauthorized address"
ERROR[06-24|15:17:20] Failed to decode message from payload    address=0x942Ba2a0a2688434e46fa1b57c779FBAc6DeB9BA err="unauthorized address"
ERROR[06-24|15:17:46] Failed to decode message from payload    address=0x942Ba2a0a2688434e46fa1b57c779FBAc6DeB9BA err="unauthorized address"
ERROR[06-24|15:18:28] Failed to decode message from payload    address=0x942Ba2a0a2688434e46fa1b57c779FBAc6DeB9BA err="unauthorized address"
ERROR[06-24|15:19:42] Failed to decode message from payload    address=0x942Ba2a0a2688434e46fa1b57c779FBAc6DeB9BA err="unauthorized address"
ERROR[06-24|15:22:00] Failed to decode message from payload    address=0x942Ba2a0a2688434e46fa1b57c779FBAc6DeB9BA err="unauthorized address"
ERROR[06-24|15:26:26] Failed to decode message from payload    address=0x942Ba2a0a2688434e46fa1b57c779FBAc6DeB9BA err="unauthorized address"
ERROR[06-24|15:35:08] Failed to decode message from payload    address=0x942Ba2a0a2688434e46fa1b57c779FBAc6DeB9BA err="unauthorized address"
ERROR[06-24|15:52:22] Failed to decode message from payload    address=0x942Ba2a0a2688434e46fa1b57c779FBAc6DeB9BA err="unauthorized address"
